2020-05-11 12:18:47,465 scheJob.py[line:47] INFO 1589170727.4649642
2020-05-11 12:18:47,467 scheJob.py[line:53] INFO ==============================开始构建mapping==============================
2020-05-11 12:18:47,839 calculateConfidence.py[line:130] INFO 正在处理【sgk_source.126wangyi_result】表...
2020-05-11 12:18:47,844 calculateConfidence.py[line:142] INFO 【sgk_source.126wangyi_result】表构建mapping成功！
2020-05-11 12:18:47,846 calculateConfidence.py[line:130] INFO 正在处理【sgk_source.s_ssd_163_pc202004110011_result】表...
2020-05-11 12:18:47,849 calculateConfidence.py[line:142] INFO 【sgk_source.s_ssd_163_pc202004110011_result】表构建mapping成功！
2020-05-11 12:18:47,851 calculateConfidence.py[line:130] INFO 正在处理【sgk_source.s_ssd_163_pc202004110012_result】表...
2020-05-11 12:18:47,855 calculateConfidence.py[line:142] INFO 【sgk_source.s_ssd_163_pc202004110012_result】表构建mapping成功！
2020-05-11 12:18:47,865 calculateConfidence.py[line:130] INFO 正在处理【sgk_source.s_ssd_163_pc202004110013_result】表...
2020-05-11 12:18:47,872 calculateConfidence.py[line:142] INFO 【sgk_source.s_ssd_163_pc202004110013_result】表构建mapping成功！
2020-05-11 12:18:47,877 calculateConfidence.py[line:130] INFO 正在处理【sgk_source.s_ssd_163_pc202004110014_result】表...
2020-05-11 12:18:47,891 calculateConfidence.py[line:142] INFO 【sgk_source.s_ssd_163_pc202004110014_result】表构建mapping成功！
2020-05-11 12:18:47,894 calculateConfidence.py[line:130] INFO 正在处理【sgk_source.s_ssd_52fangdichan_pc202003300015_result】表...
2020-05-11 12:18:47,897 calculateConfidence.py[line:142] INFO 【sgk_source.s_ssd_52fangdichan_pc202003300015_result】表构建mapping成功！
2020-05-11 12:18:47,900 calculateConfidence.py[line:130] INFO 正在处理【sgk_source.s_ssd_52fangdichan_pc202003300016_result】表...
2020-05-11 12:18:47,904 calculateConfidence.py[line:142] INFO 【sgk_source.s_ssd_52fangdichan_pc202003300016_result】表构建mapping成功！
2020-05-11 12:18:47,914 calculateConfidence.py[line:130] INFO 正在处理【sgk_source.s_ssd_52fangdichan_pc202003300017_result】表...
2020-05-11 12:18:47,922 calculateConfidence.py[line:142] INFO 【sgk_source.s_ssd_52fangdichan_pc202003300017_result】表构建mapping成功！
2020-05-11 12:18:47,928 calculateConfidence.py[line:130] INFO 正在处理【sgk_source.s_ssd_52fangdichan_pc202003300018_result】表...
2020-05-11 12:18:47,937 calculateConfidence.py[line:142] INFO 【sgk_source.s_ssd_52fangdichan_pc202003300018_result】表构建mapping成功！
2020-05-11 12:18:47,941 calculateConfidence.py[line:130] INFO 正在处理【sgk_source.s_ssd_52fangdichan_pc202003300019_result】表...
2020-05-11 12:18:47,943 calculateConfidence.py[line:142] INFO 【sgk_source.s_ssd_52fangdichan_pc202003300019_result】表构建mapping成功！
2020-05-11 12:18:47,945 calculateConfidence.py[line:130] INFO 正在处理【sgk_source.s_ssd_52fangdichan_pc202003300020_result】表...
2020-05-11 12:18:47,947 calculateConfidence.py[line:142] INFO 【sgk_source.s_ssd_52fangdichan_pc202003300020_result】表构建mapping成功！
2020-05-11 12:18:47,949 calculateConfidence.py[line:130] INFO 正在处理【sgk_source.s_ssd_52fangdichan_pc202003300021_result】表...
2020-05-11 12:18:47,952 calculateConfidence.py[line:142] INFO 【sgk_source.s_ssd_52fangdichan_pc202003300021_result】表构建mapping成功！
2020-05-11 12:18:47,959 calculateConfidence.py[line:130] INFO 正在处理【sgk_source.s_ssd_52fangdichan_pc202003300022_result】表...
2020-05-11 12:18:47,974 calculateConfidence.py[line:142] INFO 【sgk_source.s_ssd_52fangdichan_pc202003300022_result】表构建mapping成功！
2020-05-11 12:18:47,989 calculateConfidence.py[line:130] INFO 正在处理【sgk_source.s_ssd_52fangdichan_pc202003300023_result】表...
2020-05-11 12:18:47,998 calculateConfidence.py[line:142] INFO 【sgk_source.s_ssd_52fangdichan_pc202003300023_result】表构建mapping成功！
2020-05-11 12:18:48,004 calculateConfidence.py[line:130] INFO 正在处理【sgk_source.s_ssd_52fangdichan_pc202003300024_result】表...
2020-05-11 12:18:48,019 calculateConfidence.py[line:142] INFO 【sgk_source.s_ssd_52fangdichan_pc202003300024_result】表构建mapping成功！
2020-05-11 12:18:48,041 calculateConfidence.py[line:130] INFO 正在处理【sgk_source.s_ssd_92hacker_pc202004010010_result】表...
2020-05-11 12:18:48,044 calculateConfidence.py[line:142] INFO 【sgk_source.s_ssd_92hacker_pc202004010010_result】表构建mapping成功！
2020-05-11 12:18:48,046 calculateConfidence.py[line:130] INFO 正在处理【sgk_source.s_ssd_acfun_pc202004110001_result】表...
2020-05-11 12:18:48,048 calculateConfidence.py[line:142] INFO 【sgk_source.s_ssd_acfun_pc202004110001_result】表构建mapping成功！
2020-05-11 12:18:48,050 calculateConfidence.py[line:130] INFO 正在处理【sgk_source.s_ssd_csdn_pc202004110007_result】表...
2020-05-11 12:18:48,058 calculateConfidence.py[line:142] INFO 【sgk_source.s_ssd_csdn_pc202004110007_result】表构建mapping成功！
2020-05-11 12:18:48,076 calculateConfidence.py[line:130] INFO 正在处理【sgk_source.s_ssd_hanting_pc202004110002_result】表...
2020-05-11 12:18:48,095 calculateConfidence.py[line:142] INFO 【sgk_source.s_ssd_hanting_pc202004110002_result】表构建mapping成功！
2020-05-11 12:18:48,099 calculateConfidence.py[line:130] INFO 正在处理【sgk_source.s_ssd_hanting_pc202004110003_result】表...
2020-05-11 12:18:48,103 calculateConfidence.py[line:142] INFO 【sgk_source.s_ssd_hanting_pc202004110003_result】表构建mapping成功！
2020-05-11 12:18:48,112 calculateConfidence.py[line:130] INFO 正在处理【sgk_source.s_ssd_hanting_pc202004110004_result】表...
2020-05-11 12:18:48,122 calculateConfidence.py[line:142] INFO 【sgk_source.s_ssd_hanting_pc202004110004_result】表构建mapping成功！
2020-05-11 12:18:48,126 calculateConfidence.py[line:130] INFO 正在处理【sgk_source.s_ssd_hanting_pc202004110008_result】表...
2020-05-11 12:18:48,130 calculateConfidence.py[line:142] INFO 【sgk_source.s_ssd_hanting_pc202004110008_result】表构建mapping成功！
2020-05-11 12:18:48,133 calculateConfidence.py[line:130] INFO 正在处理【sgk_source.s_ssd_renren_pc202004110009_result】表...
2020-05-11 12:18:48,139 calculateConfidence.py[line:142] INFO 【sgk_source.s_ssd_renren_pc202004110009_result】表构建mapping成功！
2020-05-11 12:18:48,144 calculateConfidence.py[line:130] INFO 正在处理【sgk_source.s_ssd_shangpu_pc2020050500001_result】表...
2020-05-11 12:18:48,147 calculateConfidence.py[line:142] INFO 【sgk_source.s_ssd_shangpu_pc2020050500001_result】表构建mapping成功！
2020-05-11 12:18:48,149 calculateConfidence.py[line:130] INFO 正在处理【sgk_source.s_ssd_taiwanhaiwaiwang_pc202003300030_result】表...
2020-05-11 12:18:48,151 calculateConfidence.py[line:142] INFO 【sgk_source.s_ssd_taiwanhaiwaiwang_pc202003300030_result】表构建mapping成功！
2020-05-11 12:18:48,168 calculateConfidence.py[line:130] INFO 正在处理【sgk_source.s_ssd_web_pc202004010012_result】表...
2020-05-11 12:18:48,177 calculateConfidence.py[line:142] INFO 【sgk_source.s_ssd_web_pc202004010012_result】表构建mapping成功！
2020-05-11 12:18:48,180 calculateConfidence.py[line:130] INFO 正在处理【sgk_source.s_ssd_yiyi_pc202004010004_result】表...
2020-05-11 12:18:48,183 calculateConfidence.py[line:142] INFO 【sgk_source.s_ssd_yiyi_pc202004010004_result】表构建mapping成功！
2020-05-11 12:18:48,186 calculateConfidence.py[line:130] INFO 正在处理【sgk_source.s_ssd_zhenaiwang_pc202003300038_result】表...
2020-05-11 12:18:48,189 calculateConfidence.py[line:142] INFO 【sgk_source.s_ssd_zhenaiwang_pc202003300038_result】表构建mapping成功！
2020-05-11 12:18:48,191 calculateConfidence.py[line:130] INFO 正在处理【sgk_source.s_ssd_zhenaiwang_pc202003300040_result】表...
2020-05-11 12:18:48,195 calculateConfidence.py[line:142] INFO 【sgk_source.s_ssd_zhenaiwang_pc202003300040_result】表构建mapping成功！
2020-05-11 12:18:48,197 calculateConfidence.py[line:130] INFO 正在处理【sgk_source.s_ssd_zhenaiwang_pc202003300041_result】表...
2020-05-11 12:18:48,200 calculateConfidence.py[line:142] INFO 【sgk_source.s_ssd_zhenaiwang_pc202003300041_result】表构建mapping成功！
2020-05-11 12:18:48,203 calculateConfidence.py[line:130] INFO 正在处理【sgk_source.s_ssd_zhenaiwang_pc202003300042_result】表...
2020-05-11 12:18:48,206 calculateConfidence.py[line:142] INFO 【sgk_source.s_ssd_zhenaiwang_pc202003300042_result】表构建mapping成功！
2020-05-11 12:18:48,209 calculateConfidence.py[line:130] INFO 正在处理【sgk_source.s_ssd_zhenaiwang_pc202004010008_result】表...
2020-05-11 12:18:48,212 calculateConfidence.py[line:142] INFO 【sgk_source.s_ssd_zhenaiwang_pc202004010008_result】表构建mapping成功！
2020-05-11 12:18:48,215 calculateConfidence.py[line:130] INFO 正在处理【sgk_source.s_ssd_zp_pc202003300027_result】表...
2020-05-11 12:18:48,222 calculateConfidence.py[line:142] INFO 【sgk_source.s_ssd_zp_pc202003300027_result】表构建mapping成功！
2020-05-11 12:18:48,232 calculateConfidence.py[line:130] INFO 正在处理【sgk_source.ssd_12306account_result】表...
2020-05-11 12:18:48,239 calculateConfidence.py[line:142] INFO 【sgk_source.ssd_12306account_result】表构建mapping成功！
2020-05-11 12:18:48,242 calculateConfidence.py[line:130] INFO 正在处理【sgk_source.ssd_12306lianxiren_result】表...
2020-05-11 12:18:48,245 calculateConfidence.py[line:142] INFO 【sgk_source.ssd_12306lianxiren_result】表构建mapping成功！
2020-05-11 12:18:48,247 calculateConfidence.py[line:130] INFO 正在处理【sgk_source.ssd_163com_result】表...
2020-05-11 12:18:48,250 calculateConfidence.py[line:142] INFO 【sgk_source.ssd_163com_result】表构建mapping成功！
2020-05-11 12:18:48,252 calculateConfidence.py[line:130] INFO 正在处理【sgk_source.ssd_csdn_result】表...
2020-05-11 12:18:48,255 calculateConfidence.py[line:142] INFO 【sgk_source.ssd_csdn_result】表构建mapping成功！
2020-05-11 12:18:48,257 calculateConfidence.py[line:130] INFO 正在处理【sgk_source.ssd_original_acfun_result】表...
2020-05-11 12:18:48,261 calculateConfidence.py[line:142] INFO 【sgk_source.ssd_original_acfun_result】表构建mapping成功！
2020-05-11 12:18:48,264 calculateConfidence.py[line:130] INFO 正在处理【sgk_source.ssd_original_xiaomi_result】表...
2020-05-11 12:18:48,267 calculateConfidence.py[line:142] INFO 【sgk_source.ssd_original_xiaomi_result】表构建mapping成功！
2020-05-11 12:18:48,272 calculateConfidence.py[line:130] INFO 正在处理【sgk_source.ssd_renren_result】表...
2020-05-11 12:18:48,275 calculateConfidence.py[line:142] INFO 【sgk_source.ssd_renren_result】表构建mapping成功！
2020-05-11 12:18:48,280 calculateConfidence.py[line:130] INFO 正在处理【sgk_source.tianya_result】表...
2020-05-11 12:18:48,283 calculateConfidence.py[line:142] INFO 【sgk_source.tianya_result】表构建mapping成功！
2020-05-11 12:18:48,284 scheJob.py[line:58] INFO ==============================开始构建SQL==============================
2020-05-11 12:18:48,310 calculateConfidence.py[line:281] INFO 【sgk_source.s_ssd_zp_pc202003300027_result】表构建SQL成功！
2020-05-11 12:18:48,312 calculateConfidence.py[line:281] INFO 【sgk_source.ssd_12306lianxiren_result】表构建SQL成功！
2020-05-11 12:18:48,314 calculateConfidence.py[line:281] INFO 【sgk_source.s_ssd_52fangdichan_pc202003300017_result】表构建SQL成功！
2020-05-11 12:18:48,318 calculateConfidence.py[line:281] INFO 【sgk_source.s_ssd_zhenaiwang_pc202003300040_result】表构建SQL成功！
2020-05-11 12:18:48,322 calculateConfidence.py[line:281] INFO 【sgk_source.ssd_original_xiaomi_result】表构建SQL成功！
2020-05-11 12:18:48,326 calculateConfidence.py[line:281] INFO 【sgk_source.ssd_renren_result】表构建SQL成功！
2020-05-11 12:18:48,329 calculateConfidence.py[line:281] INFO 【sgk_source.s_ssd_52fangdichan_pc202003300020_result】表构建SQL成功！
2020-05-11 12:18:48,332 calculateConfidence.py[line:281] INFO 【sgk_source.s_ssd_163_pc202004110012_result】表构建SQL成功！
2020-05-11 12:18:48,337 calculateConfidence.py[line:281] INFO 【sgk_source.s_ssd_92hacker_pc202004010010_result】表构建SQL成功！
2020-05-11 12:18:48,341 calculateConfidence.py[line:281] INFO 【sgk_source.s_ssd_52fangdichan_pc202003300018_result】表构建SQL成功！
2020-05-11 12:18:48,345 calculateConfidence.py[line:281] INFO 【sgk_source.s_ssd_163_pc202004110011_result】表构建SQL成功！
2020-05-11 12:18:48,348 calculateConfidence.py[line:281] INFO 【sgk_source.s_ssd_web_pc202004010012_result】表构建SQL成功！
2020-05-11 12:18:48,351 calculateConfidence.py[line:281] INFO 【sgk_source.s_ssd_52fangdichan_pc202003300023_result】表构建SQL成功！
2020-05-11 12:18:48,354 calculateConfidence.py[line:281] INFO 【sgk_source.ssd_csdn_result】表构建SQL成功！
2020-05-11 12:18:48,357 calculateConfidence.py[line:281] INFO 【sgk_source.s_ssd_hanting_pc202004110003_result】表构建SQL成功！
2020-05-11 12:18:48,361 calculateConfidence.py[line:281] INFO 【sgk_source.126wangyi_result】表构建SQL成功！
2020-05-11 12:18:48,364 calculateConfidence.py[line:281] INFO 【sgk_source.s_ssd_163_pc202004110014_result】表构建SQL成功！
2020-05-11 12:18:48,367 calculateConfidence.py[line:281] INFO 【sgk_source.s_ssd_taiwanhaiwaiwang_pc202003300030_result】表构建SQL成功！
2020-05-11 12:18:48,376 calculateConfidence.py[line:281] INFO 【sgk_source.s_ssd_hanting_pc202004110004_result】表构建SQL成功！
2020-05-11 12:18:48,389 calculateConfidence.py[line:281] INFO 【sgk_source.s_ssd_shangpu_pc2020050500001_result】表构建SQL成功！
2020-05-11 12:18:48,394 calculateConfidence.py[line:281] INFO 【sgk_source.s_ssd_acfun_pc202004110001_result】表构建SQL成功！
2020-05-11 12:18:48,397 calculateConfidence.py[line:281] INFO 【sgk_source.s_ssd_163_pc202004110013_result】表构建SQL成功！
2020-05-11 12:18:48,400 calculateConfidence.py[line:281] INFO 【sgk_source.s_ssd_zhenaiwang_pc202004010008_result】表构建SQL成功！
2020-05-11 12:18:48,406 calculateConfidence.py[line:281] INFO 【sgk_source.s_ssd_52fangdichan_pc202003300021_result】表构建SQL成功！
2020-05-11 12:18:48,409 calculateConfidence.py[line:281] INFO 【sgk_source.s_ssd_52fangdichan_pc202003300024_result】表构建SQL成功！
2020-05-11 12:18:48,413 calculateConfidence.py[line:281] INFO 【sgk_source.s_ssd_hanting_pc202004110008_result】表构建SQL成功！
2020-05-11 12:18:48,416 calculateConfidence.py[line:281] INFO 【sgk_source.ssd_12306account_result】表构建SQL成功！
2020-05-11 12:18:48,420 calculateConfidence.py[line:281] INFO 【sgk_source.s_ssd_zhenaiwang_pc202003300041_result】表构建SQL成功！
2020-05-11 12:18:48,423 calculateConfidence.py[line:281] INFO 【sgk_source.s_ssd_52fangdichan_pc202003300016_result】表构建SQL成功！
2020-05-11 12:18:48,430 calculateConfidence.py[line:281] INFO 【sgk_source.s_ssd_zhenaiwang_pc202003300038_result】表构建SQL成功！
2020-05-11 12:18:48,436 calculateConfidence.py[line:281] INFO 【sgk_source.s_ssd_csdn_pc202004110007_result】表构建SQL成功！
2020-05-11 12:18:48,439 calculateConfidence.py[line:281] INFO 【sgk_source.ssd_original_acfun_result】表构建SQL成功！
2020-05-11 12:18:48,443 calculateConfidence.py[line:281] INFO 【sgk_source.s_ssd_yiyi_pc202004010004_result】表构建SQL成功！
2020-05-11 12:18:48,447 calculateConfidence.py[line:281] INFO 【sgk_source.s_ssd_hanting_pc202004110002_result】表构建SQL成功！
2020-05-11 12:18:48,449 calculateConfidence.py[line:281] INFO 【sgk_source.s_ssd_zhenaiwang_pc202003300042_result】表构建SQL成功！
2020-05-11 12:18:48,458 calculateConfidence.py[line:281] INFO 【sgk_source.s_ssd_52fangdichan_pc202003300015_result】表构建SQL成功！
2020-05-11 12:18:48,475 calculateConfidence.py[line:281] INFO 【sgk_source.tianya_result】表构建SQL成功！
2020-05-11 12:18:48,480 calculateConfidence.py[line:281] INFO 【sgk_source.ssd_163com_result】表构建SQL成功！
2020-05-11 12:18:48,484 calculateConfidence.py[line:281] INFO 【sgk_source.s_ssd_52fangdichan_pc202003300022_result】表构建SQL成功！
2020-05-11 12:18:48,488 calculateConfidence.py[line:281] INFO 【sgk_source.s_ssd_52fangdichan_pc202003300019_result】表构建SQL成功！
2020-05-11 12:18:48,492 calculateConfidence.py[line:281] INFO 【sgk_source.s_ssd_renren_pc202004110009_result】表构建SQL成功！
2020-05-11 12:18:48,493 scheJob.py[line:62] INFO ==============================开始执行SQL文件==============================
2020-05-11 12:18:48,495 scheJob.py[line:73] INFO 正在处理【./sql/s_ssd_52fangdichan_pc202003300023_result.sql】文件
2020-05-11 12:18:48,495 scheJob.py[line:73] INFO 正在处理【./sql/ssd_12306account_result.sql】文件
2020-05-11 12:18:48,495 scheJob.py[line:73] INFO 正在处理【./sql/s_ssd_zp_pc202003300027_result.sql】文件
2020-05-11 12:18:48,496 scheJob.py[line:73] INFO 正在处理【./sql/s_ssd_zhenaiwang_pc202003300040_result.sql】文件
2020-05-11 12:18:48,496 scheJob.py[line:73] INFO 正在处理【./sql/s_ssd_52fangdichan_pc202003300019_result.sql】文件
2020-05-11 12:18:48,496 scheJob.py[line:73] INFO 正在处理【./sql/ssd_original_xiaomi_result.sql】文件
2020-05-11 12:18:48,496 scheJob.py[line:73] INFO 正在处理【./sql/ssd_original_acfun_result.sql】文件
2020-05-11 12:18:48,497 scheJob.py[line:73] INFO 正在处理【./sql/ssd_renren_result.sql】文件
2020-05-11 12:18:48,497 scheJob.py[line:73] INFO 正在处理【./sql/s_ssd_92hacker_pc202004010010_result.sql】文件
2020-05-11 12:18:48,497 scheJob.py[line:73] INFO 正在处理【./sql/s_ssd_hanting_pc202004110003_result.sql】文件
2020-05-11 12:18:48,497 scheJob.py[line:73] INFO 正在处理【./sql/tianya_result.sql】文件
2020-05-11 12:18:48,497 scheJob.py[line:73] INFO 正在处理【./sql/s_ssd_hanting_pc202004110004_result.sql】文件
2020-05-11 12:18:48,498 scheJob.py[line:73] INFO 正在处理【./sql/s_ssd_52fangdichan_pc202003300021_result.sql】文件
2020-05-11 12:18:48,499 scheJob.py[line:73] INFO 正在处理【./sql/s_ssd_163_pc202004110012_result.sql】文件
2020-05-11 12:18:48,500 scheJob.py[line:73] INFO 正在处理【./sql/s_ssd_52fangdichan_pc202003300016_result.sql】文件
2020-05-11 12:18:48,501 scheJob.py[line:73] INFO 正在处理【./sql/s_ssd_zhenaiwang_pc202003300042_result.sql】文件
2020-05-11 12:18:48,503 scheJob.py[line:73] INFO 正在处理【./sql/s_ssd_acfun_pc202004110001_result.sql】文件
2020-05-11 12:18:48,503 scheJob.py[line:73] INFO 正在处理【./sql/ssd_12306lianxiren_result.sql】文件
2020-05-11 12:18:48,503 scheJob.py[line:73] INFO 正在处理【./sql/s_ssd_52fangdichan_pc202003300024_result.sql】文件
2020-05-11 12:18:48,504 scheJob.py[line:73] INFO 正在处理【./sql/ssd_163com_result.sql】文件
2020-05-11 12:18:48,505 scheJob.py[line:73] INFO 正在处理【./sql/s_ssd_163_pc202004110014_result.sql】文件
2020-05-11 12:18:48,505 scheJob.py[line:73] INFO 正在处理【./sql/s_ssd_hanting_pc202004110002_result.sql】文件
2020-05-11 12:18:48,506 scheJob.py[line:73] INFO 正在处理【./sql/s_ssd_zhenaiwang_pc202003300041_result.sql】文件
2020-05-11 12:18:48,506 scheJob.py[line:73] INFO 正在处理【./sql/s_ssd_52fangdichan_pc202003300015_result.sql】文件
2020-05-11 12:18:48,507 scheJob.py[line:73] INFO 正在处理【./sql/s_ssd_52fangdichan_pc202003300022_result.sql】文件
2020-05-11 12:18:48,507 scheJob.py[line:73] INFO 正在处理【./sql/126wangyi_result.sql】文件
2020-05-11 12:18:48,508 scheJob.py[line:73] INFO 正在处理【./sql/s_ssd_163_pc202004110011_result.sql】文件
2020-05-11 12:18:48,508 scheJob.py[line:73] INFO 正在处理【./sql/s_ssd_52fangdichan_pc202003300018_result.sql】文件
2020-05-11 12:18:48,508 scheJob.py[line:73] INFO 正在处理【./sql/s_ssd_csdn_pc202004110007_result.sql】文件
2020-05-11 12:18:48,509 scheJob.py[line:73] INFO 正在处理【./sql/s_ssd_web_pc202004010012_result.sql】文件
2020-05-11 12:18:48,509 scheJob.py[line:73] INFO 正在处理【./sql/s_ssd_renren_pc202004110009_result.sql】文件
2020-05-11 12:18:48,510 scheJob.py[line:73] INFO 正在处理【./sql/s_ssd_zhenaiwang_pc202003300038_result.sql】文件
2020-05-11 12:18:48,510 scheJob.py[line:73] INFO 正在处理【./sql/s_ssd_zhenaiwang_pc202004010008_result.sql】文件
2020-05-11 12:18:48,510 scheJob.py[line:73] INFO 正在处理【./sql/s_ssd_yiyi_pc202004010004_result.sql】文件
2020-05-11 12:18:48,511 scheJob.py[line:73] INFO 正在处理【./sql/ssd_csdn_result.sql】文件
2020-05-11 12:18:48,511 scheJob.py[line:73] INFO 正在处理【./sql/s_ssd_shangpu_pc2020050500001_result.sql】文件
2020-05-11 12:18:48,512 scheJob.py[line:73] INFO 正在处理【./sql/s_ssd_163_pc202004110013_result.sql】文件
2020-05-11 12:18:48,512 scheJob.py[line:73] INFO 正在处理【./sql/s_ssd_52fangdichan_pc202003300020_result.sql】文件
2020-05-11 12:18:48,512 scheJob.py[line:73] INFO 正在处理【./sql/s_ssd_52fangdichan_pc202003300017_result.sql】文件
2020-05-11 12:18:48,513 scheJob.py[line:73] INFO 正在处理【./sql/s_ssd_taiwanhaiwaiwang_pc202003300030_result.sql】文件
2020-05-11 12:18:48,513 scheJob.py[line:73] INFO 正在处理【./sql/s_ssd_hanting_pc202004110008_result.sql】文件
2020-05-11 12:18:48,513 cmdThread.py[line:32] INFO [****命令【hive -f "./sql/s_ssd_52fangdichan_pc202003300023_result.sql"】执行成功，退出进程!****]
2020-05-11 12:18:48,514 cmdThread.py[line:33] INFO [EXCUTE_DONE]hive -f "./sql/s_ssd_52fangdichan_pc202003300023_result.sql"
2020-05-11 12:18:48,514 cmdThread.py[line:34] INFO [****执行结果【假装我就是执行结果】****]
2020-05-11 12:18:48,516 cmdThread.py[line:32] INFO [****命令【hive -f "./sql/ssd_12306account_result.sql"】执行成功，退出进程!****]
2020-05-11 12:18:48,516 cmdThread.py[line:33] INFO [EXCUTE_DONE]hive -f "./sql/ssd_12306account_result.sql"
2020-05-11 12:18:48,517 cmdThread.py[line:34] INFO [****执行结果【假装我就是执行结果】****]
2020-05-11 12:18:48,517 cmdThread.py[line:32] INFO [****命令【hive -f "./sql/s_ssd_zp_pc202003300027_result.sql"】执行成功，退出进程!****]
2020-05-11 12:18:48,517 cmdThread.py[line:33] INFO [EXCUTE_DONE]hive -f "./sql/s_ssd_zp_pc202003300027_result.sql"
2020-05-11 12:18:48,517 cmdThread.py[line:34] INFO [****执行结果【假装我就是执行结果】****]
2020-05-11 12:18:48,519 cmdThread.py[line:32] INFO [****命令【hive -f "./sql/s_ssd_zhenaiwang_pc202003300040_result.sql"】执行成功，退出进程!****]
2020-05-11 12:18:48,521 cmdThread.py[line:32] INFO [****命令【hive -f "./sql/s_ssd_52fangdichan_pc202003300019_result.sql"】执行成功，退出进程!****]
2020-05-11 12:18:48,523 cmdThread.py[line:32] INFO [****命令【hive -f "./sql/ssd_original_xiaomi_result.sql"】执行成功，退出进程!****]
2020-05-11 12:18:48,524 cmdThread.py[line:33] INFO [EXCUTE_DONE]hive -f "./sql/s_ssd_zhenaiwang_pc202003300040_result.sql"
2020-05-11 12:18:48,524 cmdThread.py[line:32] INFO [****命令【hive -f "./sql/ssd_original_acfun_result.sql"】执行成功，退出进程!****]
2020-05-11 12:18:48,525 cmdThread.py[line:32] INFO [****命令【hive -f "./sql/ssd_renren_result.sql"】执行成功，退出进程!****]
2020-05-11 12:18:48,525 cmdThread.py[line:32] INFO [****命令【hive -f "./sql/s_ssd_92hacker_pc202004010010_result.sql"】执行成功，退出进程!****]
2020-05-11 12:18:48,527 cmdThread.py[line:32] INFO [****命令【hive -f "./sql/s_ssd_hanting_pc202004110003_result.sql"】执行成功，退出进程!****]
2020-05-11 12:18:48,528 cmdThread.py[line:32] INFO [****命令【hive -f "./sql/tianya_result.sql"】执行成功，退出进程!****]
2020-05-11 12:18:48,529 cmdThread.py[line:33] INFO [EXCUTE_DONE]hive -f "./sql/s_ssd_52fangdichan_pc202003300019_result.sql"
2020-05-11 12:18:48,529 cmdThread.py[line:33] INFO [EXCUTE_DONE]hive -f "./sql/ssd_original_xiaomi_result.sql"
2020-05-11 12:18:48,531 cmdThread.py[line:32] INFO [****命令【hive -f "./sql/s_ssd_hanting_pc202004110004_result.sql"】执行成功，退出进程!****]
2020-05-11 12:18:48,531 cmdThread.py[line:34] INFO [****执行结果【假装我就是执行结果】****]
2020-05-11 12:18:48,532 cmdThread.py[line:32] INFO [****命令【hive -f "./sql/s_ssd_52fangdichan_pc202003300021_result.sql"】执行成功，退出进程!****]
2020-05-11 12:18:48,533 cmdThread.py[line:32] INFO [****命令【hive -f "./sql/s_ssd_163_pc202004110012_result.sql"】执行成功，退出进程!****]
2020-05-11 12:18:48,533 cmdThread.py[line:33] INFO [EXCUTE_DONE]hive -f "./sql/ssd_original_acfun_result.sql"
2020-05-11 12:18:48,533 cmdThread.py[line:32] INFO [****命令【hive -f "./sql/s_ssd_52fangdichan_pc202003300016_result.sql"】执行成功，退出进程!****]
2020-05-11 12:18:48,535 cmdThread.py[line:32] INFO [****命令【hive -f "./sql/s_ssd_zhenaiwang_pc202003300042_result.sql"】执行成功，退出进程!****]
2020-05-11 12:18:48,535 cmdThread.py[line:33] INFO [EXCUTE_DONE]hive -f "./sql/ssd_renren_result.sql"
2020-05-11 12:18:48,536 cmdThread.py[line:32] INFO [****命令【hive -f "./sql/s_ssd_acfun_pc202004110001_result.sql"】执行成功，退出进程!****]
2020-05-11 12:18:48,539 cmdThread.py[line:32] INFO [****命令【hive -f "./sql/ssd_12306lianxiren_result.sql"】执行成功，退出进程!****]
2020-05-11 12:18:48,541 cmdThread.py[line:32] INFO [****命令【hive -f "./sql/s_ssd_52fangdichan_pc202003300024_result.sql"】执行成功，退出进程!****]
2020-05-11 12:18:48,542 cmdThread.py[line:33] INFO [EXCUTE_DONE]hive -f "./sql/s_ssd_92hacker_pc202004010010_result.sql"
2020-05-11 12:18:48,548 cmdThread.py[line:33] INFO [EXCUTE_DONE]hive -f "./sql/s_ssd_hanting_pc202004110003_result.sql"
2020-05-11 12:18:48,548 cmdThread.py[line:32] INFO [****命令【hive -f "./sql/ssd_163com_result.sql"】执行成功，退出进程!****]
2020-05-11 12:18:48,549 cmdThread.py[line:32] INFO [****命令【hive -f "./sql/s_ssd_163_pc202004110014_result.sql"】执行成功，退出进程!****]
2020-05-11 12:18:48,550 cmdThread.py[line:33] INFO [EXCUTE_DONE]hive -f "./sql/tianya_result.sql"
2020-05-11 12:18:48,551 cmdThread.py[line:32] INFO [****命令【hive -f "./sql/s_ssd_hanting_pc202004110002_result.sql"】执行成功，退出进程!****]
2020-05-11 12:18:48,551 cmdThread.py[line:34] INFO [****执行结果【假装我就是执行结果】****]
2020-05-11 12:18:48,552 cmdThread.py[line:32] INFO [****命令【hive -f "./sql/s_ssd_zhenaiwang_pc202003300041_result.sql"】执行成功，退出进程!****]
2020-05-11 12:18:48,553 cmdThread.py[line:32] INFO [****命令【hive -f "./sql/s_ssd_52fangdichan_pc202003300015_result.sql"】执行成功，退出进程!****]
2020-05-11 12:18:48,554 cmdThread.py[line:32] INFO [****命令【hive -f "./sql/s_ssd_52fangdichan_pc202003300022_result.sql"】执行成功，退出进程!****]
2020-05-11 12:18:48,556 cmdThread.py[line:34] INFO [****执行结果【假装我就是执行结果】****]
2020-05-11 12:18:48,556 cmdThread.py[line:32] INFO [****命令【hive -f "./sql/126wangyi_result.sql"】执行成功，退出进程!****]
2020-05-11 12:18:48,556 cmdThread.py[line:32] INFO [****命令【hive -f "./sql/s_ssd_163_pc202004110011_result.sql"】执行成功，退出进程!****]
2020-05-11 12:18:48,557 cmdThread.py[line:33] INFO [EXCUTE_DONE]hive -f "./sql/s_ssd_hanting_pc202004110004_result.sql"
2020-05-11 12:18:48,557 cmdThread.py[line:32] INFO [****命令【hive -f "./sql/s_ssd_52fangdichan_pc202003300018_result.sql"】执行成功，退出进程!****]
2020-05-11 12:18:48,559 cmdThread.py[line:32] INFO [****命令【hive -f "./sql/s_ssd_csdn_pc202004110007_result.sql"】执行成功，退出进程!****]
2020-05-11 12:18:48,561 cmdThread.py[line:32] INFO [****命令【hive -f "./sql/s_ssd_web_pc202004010012_result.sql"】执行成功，退出进程!****]
2020-05-11 12:18:48,561 cmdThread.py[line:33] INFO [EXCUTE_DONE]hive -f "./sql/s_ssd_52fangdichan_pc202003300021_result.sql"
2020-05-11 12:18:48,561 cmdThread.py[line:32] INFO [****命令【hive -f "./sql/s_ssd_renren_pc202004110009_result.sql"】执行成功，退出进程!****]
2020-05-11 12:18:48,563 cmdThread.py[line:33] INFO [EXCUTE_DONE]hive -f "./sql/s_ssd_163_pc202004110012_result.sql"
2020-05-11 12:18:48,563 cmdThread.py[line:32] INFO [****命令【hive -f "./sql/s_ssd_zhenaiwang_pc202003300038_result.sql"】执行成功，退出进程!****]
2020-05-11 12:18:48,564 cmdThread.py[line:32] INFO [****命令【hive -f "./sql/s_ssd_zhenaiwang_pc202004010008_result.sql"】执行成功，退出进程!****]
2020-05-11 12:18:48,565 cmdThread.py[line:32] INFO [****命令【hive -f "./sql/s_ssd_yiyi_pc202004010004_result.sql"】执行成功，退出进程!****]
2020-05-11 12:18:48,565 cmdThread.py[line:34] INFO [****执行结果【假装我就是执行结果】****]
2020-05-11 12:18:48,565 cmdThread.py[line:33] INFO [EXCUTE_DONE]hive -f "./sql/s_ssd_52fangdichan_pc202003300016_result.sql"
2020-05-11 12:18:48,568 cmdThread.py[line:33] INFO [EXCUTE_DONE]hive -f "./sql/s_ssd_52fangdichan_pc202003300024_result.sql"
2020-05-11 12:18:48,566 cmdThread.py[line:34] INFO [****执行结果【假装我就是执行结果】****]
2020-05-11 12:18:48,566 cmdThread.py[line:32] INFO [****命令【hive -f "./sql/ssd_csdn_result.sql"】执行成功，退出进程!****]
2020-05-11 12:18:48,566 cmdThread.py[line:33] INFO [EXCUTE_DONE]hive -f "./sql/s_ssd_acfun_pc202004110001_result.sql"
2020-05-11 12:18:48,567 cmdThread.py[line:33] INFO [EXCUTE_DONE]hive -f "./sql/ssd_12306lianxiren_result.sql"
2020-05-11 12:18:48,567 cmdThread.py[line:32] INFO [****命令【hive -f "./sql/s_ssd_shangpu_pc2020050500001_result.sql"】执行成功，退出进程!****]
2020-05-11 12:18:48,565 cmdThread.py[line:33] INFO [EXCUTE_DONE]hive -f "./sql/s_ssd_zhenaiwang_pc202003300042_result.sql"
2020-05-11 12:18:48,569 cmdThread.py[line:32] INFO [****命令【hive -f "./sql/s_ssd_163_pc202004110013_result.sql"】执行成功，退出进程!****]
2020-05-11 12:18:48,569 cmdThread.py[line:32] INFO [****命令【hive -f "./sql/s_ssd_52fangdichan_pc202003300020_result.sql"】执行成功，退出进程!****]
2020-05-11 12:18:48,572 cmdThread.py[line:32] INFO [****命令【hive -f "./sql/s_ssd_52fangdichan_pc202003300017_result.sql"】执行成功，退出进程!****]
2020-05-11 12:18:48,574 cmdThread.py[line:34] INFO [****执行结果【假装我就是执行结果】****]
2020-05-11 12:18:48,574 cmdThread.py[line:32] INFO [****命令【hive -f "./sql/s_ssd_taiwanhaiwaiwang_pc202003300030_result.sql"】执行成功，退出进程!****]
2020-05-11 12:18:48,575 cmdThread.py[line:34] INFO [****执行结果【假装我就是执行结果】****]
2020-05-11 12:18:48,575 cmdThread.py[line:32] INFO [****命令【hive -f "./sql/s_ssd_hanting_pc202004110008_result.sql"】执行成功，退出进程!****]
2020-05-11 12:18:48,577 cmdThread.py[line:33] INFO [EXCUTE_DONE]hive -f "./sql/ssd_163com_result.sql"
2020-05-11 12:18:48,578 cmdThread.py[line:33] INFO [EXCUTE_DONE]hive -f "./sql/s_ssd_163_pc202004110014_result.sql"
2020-05-11 12:18:48,578 cmdThread.py[line:34] INFO [****执行结果【假装我就是执行结果】****]
2020-05-11 12:18:48,579 cmdThread.py[line:33] INFO [EXCUTE_DONE]hive -f "./sql/s_ssd_hanting_pc202004110002_result.sql"
2020-05-11 12:18:48,579 cmdThread.py[line:33] INFO [EXCUTE_DONE]hive -f "./sql/s_ssd_zhenaiwang_pc202003300041_result.sql"
2020-05-11 12:18:48,580 cmdThread.py[line:33] INFO [EXCUTE_DONE]hive -f "./sql/s_ssd_52fangdichan_pc202003300015_result.sql"
2020-05-11 12:18:48,580 cmdThread.py[line:33] INFO [EXCUTE_DONE]hive -f "./sql/s_ssd_52fangdichan_pc202003300022_result.sql"
2020-05-11 12:18:48,581 cmdThread.py[line:33] INFO [EXCUTE_DONE]hive -f "./sql/126wangyi_result.sql"
2020-05-11 12:18:48,581 cmdThread.py[line:33] INFO [EXCUTE_DONE]hive -f "./sql/s_ssd_163_pc202004110011_result.sql"
2020-05-11 12:18:48,582 cmdThread.py[line:34] INFO [****执行结果【假装我就是执行结果】****]
2020-05-11 12:18:48,582 cmdThread.py[line:33] INFO [EXCUTE_DONE]hive -f "./sql/s_ssd_52fangdichan_pc202003300018_result.sql"
2020-05-11 12:18:48,583 cmdThread.py[line:33] INFO [EXCUTE_DONE]hive -f "./sql/s_ssd_csdn_pc202004110007_result.sql"
2020-05-11 12:18:48,583 cmdThread.py[line:33] INFO [EXCUTE_DONE]hive -f "./sql/s_ssd_web_pc202004010012_result.sql"
2020-05-11 12:18:48,584 cmdThread.py[line:34] INFO [****执行结果【假装我就是执行结果】****]
2020-05-11 12:18:48,584 cmdThread.py[line:33] INFO [EXCUTE_DONE]hive -f "./sql/s_ssd_renren_pc202004110009_result.sql"
2020-05-11 12:18:48,585 cmdThread.py[line:34] INFO [****执行结果【假装我就是执行结果】****]
2020-05-11 12:18:48,586 cmdThread.py[line:33] INFO [EXCUTE_DONE]hive -f "./sql/s_ssd_zhenaiwang_pc202003300038_result.sql"
2020-05-11 12:18:48,586 cmdThread.py[line:33] INFO [EXCUTE_DONE]hive -f "./sql/s_ssd_zhenaiwang_pc202004010008_result.sql"
2020-05-11 12:18:48,587 cmdThread.py[line:33] INFO [EXCUTE_DONE]hive -f "./sql/s_ssd_yiyi_pc202004010004_result.sql"
2020-05-11 12:18:48,588 cmdThread.py[line:34] INFO [****执行结果【假装我就是执行结果】****]
2020-05-11 12:18:48,589 cmdThread.py[line:34] INFO [****执行结果【假装我就是执行结果】****]
2020-05-11 12:18:48,590 cmdThread.py[line:33] INFO [EXCUTE_DONE]hive -f "./sql/ssd_csdn_result.sql"
2020-05-11 12:18:48,590 cmdThread.py[line:34] INFO [****执行结果【假装我就是执行结果】****]
2020-05-11 12:18:48,590 cmdThread.py[line:34] INFO [****执行结果【假装我就是执行结果】****]
2020-05-11 12:18:48,591 cmdThread.py[line:33] INFO [EXCUTE_DONE]hive -f "./sql/s_ssd_shangpu_pc2020050500001_result.sql"
2020-05-11 12:18:48,592 cmdThread.py[line:34] INFO [****执行结果【假装我就是执行结果】****]
2020-05-11 12:18:48,593 cmdThread.py[line:33] INFO [EXCUTE_DONE]hive -f "./sql/s_ssd_163_pc202004110013_result.sql"
2020-05-11 12:18:48,593 cmdThread.py[line:33] INFO [EXCUTE_DONE]hive -f "./sql/s_ssd_52fangdichan_pc202003300020_result.sql"
2020-05-11 12:18:48,594 cmdThread.py[line:33] INFO [EXCUTE_DONE]hive -f "./sql/s_ssd_52fangdichan_pc202003300017_result.sql"
2020-05-11 12:18:48,595 cmdThread.py[line:33] INFO [EXCUTE_DONE]hive -f "./sql/s_ssd_taiwanhaiwaiwang_pc202003300030_result.sql"
2020-05-11 12:18:48,596 cmdThread.py[line:33] INFO [EXCUTE_DONE]hive -f "./sql/s_ssd_hanting_pc202004110008_result.sql"
2020-05-11 12:18:48,597 cmdThread.py[line:34] INFO [****执行结果【假装我就是执行结果】****]
2020-05-11 12:18:48,598 cmdThread.py[line:34] INFO [****执行结果【假装我就是执行结果】****]
2020-05-11 12:18:48,599 cmdThread.py[line:34] INFO [****执行结果【假装我就是执行结果】****]
2020-05-11 12:18:48,600 cmdThread.py[line:34] INFO [****执行结果【假装我就是执行结果】****]
2020-05-11 12:18:48,600 cmdThread.py[line:34] INFO [****执行结果【假装我就是执行结果】****]
2020-05-11 12:18:48,600 cmdThread.py[line:34] INFO [****执行结果【假装我就是执行结果】****]
2020-05-11 12:18:48,601 cmdThread.py[line:34] INFO [****执行结果【假装我就是执行结果】****]
2020-05-11 12:18:48,601 cmdThread.py[line:34] INFO [****执行结果【假装我就是执行结果】****]
2020-05-11 12:18:48,603 cmdThread.py[line:34] INFO [****执行结果【假装我就是执行结果】****]
2020-05-11 12:18:48,606 cmdThread.py[line:34] INFO [****执行结果【假装我就是执行结果】****]
2020-05-11 12:18:48,608 cmdThread.py[line:34] INFO [****执行结果【假装我就是执行结果】****]
2020-05-11 12:18:48,613 cmdThread.py[line:34] INFO [****执行结果【假装我就是执行结果】****]
2020-05-11 12:18:48,618 cmdThread.py[line:34] INFO [****执行结果【假装我就是执行结果】****]
2020-05-11 12:18:48,620 cmdThread.py[line:34] INFO [****执行结果【假装我就是执行结果】****]
2020-05-11 12:18:48,622 cmdThread.py[line:34] INFO [****执行结果【假装我就是执行结果】****]
2020-05-11 12:18:48,623 cmdThread.py[line:34] INFO [****执行结果【假装我就是执行结果】****]
2020-05-11 12:18:48,628 cmdThread.py[line:34] INFO [****执行结果【假装我就是执行结果】****]
2020-05-11 12:18:48,628 cmdThread.py[line:34] INFO [****执行结果【假装我就是执行结果】****]
2020-05-11 12:18:48,629 cmdThread.py[line:34] INFO [****执行结果【假装我就是执行结果】****]
2020-05-11 12:18:48,629 cmdThread.py[line:34] INFO [****执行结果【假装我就是执行结果】****]
2020-05-11 12:18:48,629 cmdThread.py[line:34] INFO [****执行结果【假装我就是执行结果】****]
2020-05-11 12:18:48,629 cmdThread.py[line:34] INFO [****执行结果【假装我就是执行结果】****]
2020-05-11 12:18:48,793 scheJob.py[line:88] INFO ==============================All Job Done!==============================
2020-05-11 14:24:36,894 scheJob.py[line:47] INFO 1589178276.894433
2020-05-11 14:24:36,897 scheJob.py[line:53] INFO ==============================开始构建mapping==============================
2020-05-11 14:24:37,257 scheJob.py[line:58] INFO ==============================开始构建SQL==============================
2020-05-11 14:24:37,258 scheJob.py[line:62] INFO ==============================开始执行SQL文件==============================
2020-05-11 14:24:37,258 scheJob.py[line:88] INFO ==============================All Job Done!==============================
